Arguments: 
  C:\Program Files\nodejs\node.exe C:\Users\XZXDCASDF\AppData\Roaming\npm\node_modules\yarn\bin\yarn.js

PATH: 
  C:\windows\system32;C:\windows;C:\windows\System32\Wbem;C:\windows\System32\WindowsPowerShell\v1.0\;C:\Program Files\nodejs\;C:\Program Files\Git\cmd;C:\Program Files (x86)\IDM Computer Solutions\UltraEdit;C:\Users\XZXDCASDF\AppData\Roaming\npm

Yarn version: 
  1.3.2

Node version: 
  8.9.0

Platform: 
  win32 x64

npm manifest: 
  {
    "name": "webpack_prac",
    "version": "1.0.0",
    "description": "",
    "main": "index.js",
    "scripts": {
      "test": "echo \"Error: no test specified\" && exit 1",
      "start": "webpack"
    },
    "author": "",
    "license": "ISC",
    "dependencies": {
      "webpack": "^4.5.0",
      "webpack-cli": "^2.0.14"
    },
    "devtool": "eval-source-map",
  }

yarn manifest: 
  No manifest

Lockfile: 
  No lockfile

Trace: 
  SyntaxError: D:\Sinx\myProject\webpack_prac\package.json: Unexpected token } in JSON at position 342
      at JSON.parse (<anonymous>)
      at C:\Users\XZXDCASDF\AppData\Roaming\npm\node_modules\yarn\lib\cli.js:770:59
      at Generator.next (<anonymous>)
      at step (C:\Users\XZXDCASDF\AppData\Roaming\npm\node_modules\yarn\lib\cli.js:92:30)
      at C:\Users\XZXDCASDF\AppData\Roaming\npm\node_modules\yarn\lib\cli.js:103:13
      at <anonymous>
